<?xml version="1.0" encoding="UTF-8"?>
<!-- Generated by org.testng.reporters.JUnitReportReporter -->
<testsuite hostname="DESKTOP-N2893VI" failures="0" tests="5" name="runner.TestRunner" time="0.351" errors="0" timestamp="2023-08-11T19:55:27 IST" skipped="0">
  <testcase classname="runner.TestRunner" name="runScenario" time="0.187"/>
  <system-out/>
  <testcase classname="runner.TestRunner" name="runScenario" time="0.035"/>
  <system-out/>
  <testcase classname="runner.TestRunner" name="runScenario" time="0.040"/>
  <system-out/>
  <testcase classname="runner.TestRunner" name="runScenario" time="0.040"/>
  <system-out/>
  <testcase classname="runner.TestRunner" name="runScenario" time="0.049"/>
  <system-out/>
</testsuite> <!-- runner.TestRunner -->
